2022/08/25 12:55:55 [notice] 1#1: using the "epoll" event method
2022/08/25 12:55:55 [notice] 1#1: nginx/1.23.1
2022/08/25 12:55:55 [notice] 1#1: built by gcc 10.2.1 20210110 (Debian 10.2.1-6) 
2022/08/25 12:55:55 [notice] 1#1: OS: Linux 5.10.16.3-microsoft-standard-WSL2
2022/08/25 12:55:55 [notice] 1#1: getrlimit(RLIMIT_NOFILE): 1048576:1048576
2022/08/25 12:55:55 [notice] 1#1: start worker processes
2022/08/25 12:55:55 [notice] 1#1: start worker process 31
2022/08/25 12:55:55 [notice] 1#1: start worker process 32
2022/08/25 12:55:55 [notice] 1#1: start worker process 33
2022/08/25 12:55:55 [notice] 1#1: start worker process 34
2022/08/25 12:55:55 [notice] 1#1: start worker process 35
2022/08/25 12:55:55 [notice] 1#1: start worker process 36
2022/08/25 12:55:55 [notice] 1#1: start worker process 37
2022/08/25 12:55:55 [notice] 1#1: start worker process 38
2022/08/25 12:55:55 [notice] 1#1: start worker process 39
2022/08/25 12:55:55 [notice] 1#1: start worker process 40
2022/08/25 12:55:55 [notice] 1#1: start worker process 41
2022/08/25 12:55:55 [notice] 1#1: start worker process 42
2022/08/25 12:55:55 [notice] 1#1: start cache manager process 43
2022/08/25 12:55:55 [notice] 1#1: start cache loader process 44
2022/08/25 12:56:55 [notice] 44#44: http file cache: /var/cache/nginx 0.000M, bsize: 4096
2022/08/25 12:56:55 [notice] 1#1: signal 17 (SIGCHLD) received from 44
2022/08/25 12:56:55 [notice] 1#1: cache loader process 44 exited with code 0
2022/08/25 12:56:55 [notice] 1#1: signal 29 (SIGIO) received
2022/08/25 13:00:57 [notice] 1#1: using the "epoll" event method
2022/08/25 13:00:57 [notice] 1#1: nginx/1.23.1
2022/08/25 13:00:57 [notice] 1#1: built by gcc 10.2.1 20210110 (Debian 10.2.1-6) 
2022/08/25 13:00:57 [notice] 1#1: OS: Linux 5.10.16.3-microsoft-standard-WSL2
2022/08/25 13:00:57 [notice] 1#1: getrlimit(RLIMIT_NOFILE): 1048576:1048576
2022/08/25 13:00:57 [notice] 1#1: start worker processes
2022/08/25 13:00:57 [notice] 1#1: start worker process 31
2022/08/25 13:00:57 [notice] 1#1: start worker process 32
2022/08/25 13:00:57 [notice] 1#1: start worker process 33
2022/08/25 13:00:57 [notice] 1#1: start worker process 34
2022/08/25 13:00:57 [notice] 1#1: start worker process 35
2022/08/25 13:00:57 [notice] 1#1: start worker process 36
2022/08/25 13:00:57 [notice] 1#1: start worker process 37
2022/08/25 13:00:57 [notice] 1#1: start worker process 38
2022/08/25 13:00:57 [notice] 1#1: start worker process 39
2022/08/25 13:00:57 [notice] 1#1: start worker process 40
2022/08/25 13:00:57 [notice] 1#1: start worker process 41
2022/08/25 13:00:57 [notice] 1#1: start worker process 42
2022/08/25 13:00:57 [notice] 1#1: start cache manager process 43
2022/08/25 13:00:57 [notice] 1#1: start cache loader process 44
2022/08/25 13:01:57 [notice] 44#44: http file cache: /var/cache/nginx 0.000M, bsize: 4096
2022/08/25 13:01:57 [notice] 1#1: signal 17 (SIGCHLD) received from 44
2022/08/25 13:01:57 [notice] 1#1: cache loader process 44 exited with code 0
2022/08/25 13:01:57 [notice] 1#1: signal 29 (SIGIO) received
